[2026-04-10 18:56:47] [INFO] 🚀 阶段一启动：MinerU 智能同步解析器...
[2026-04-10 18:56:47] [INFO] 🧹 正在检查孤儿 output 文件夹...
[2026-04-10 18:56:47] [INFO] 📊 待处理: 2 / 总计: 2
[2026-04-10 18:56:47] [INFO] [1/2] 正在处理: 2602.17517v1NICP.pdf
[2026-04-10 18:58:10] [INFO] ✅ 2602.17517v1NICP.pdf GPU 模式解析成功
[2026-04-10 18:58:10] [INFO] [2/2] 正在处理: 大英课程修读选课通知.pdf
[2026-04-10 18:59:16] [INFO] ✅ 大英课程修读选课通知.pdf GPU 模式解析成功
[2026-04-10 18:59:16] [INFO] 🎉 阶段一执行完毕
[2026-04-10 19:16:26] [INFO] 🚀 阶段一启动：MinerU 智能同步解析器...
[2026-04-10 19:16:26] [INFO] 🧹 正在检查孤儿 output 文件夹...
[2026-04-10 19:16:26] [WARNING] 🗑️ 检测到 PDF 已移除，清理孤儿文件夹: 大英课程修读选课通知
[2026-04-10 19:16:26] [INFO] ✅ 已清理 1 个不再需要的解析目录
[2026-04-10 19:16:26] [INFO] 📊 待处理: 1 / 总计: 2
[2026-04-10 19:16:26] [INFO] [1/1] 正在处理: 20251224首都师范大学海淀校区关于开展电动自行车锂电池免费健康评估的通知.pdf
[2026-04-10 19:17:22] [INFO] ✅ 20251224首都师范大学海淀校区关于开展电动自行车锂电池免费健康评估的通知.pdf GPU 模式解析成功
[2026-04-10 19:17:22] [INFO] 🎉 阶段一执行完毕
[2026-04-10 21:36:59] [INFO] 🚀 阶段一启动：MinerU 智能同步解析器...
[2026-04-10 21:36:59] [INFO] 🧹 正在检查孤儿 output 文件夹...
[2026-04-10 21:36:59] [WARNING] 🗑️ 检测到 PDF 已移除，清理孤儿文件夹: 2602.17517v1NICP
[2026-04-10 21:36:59] [INFO] ✅ 已清理 1 个不再需要的解析目录
[2026-04-10 21:36:59] [INFO] 📊 待处理: 3 / 总计: 4
[2026-04-10 21:36:59] [INFO] [1/3] 正在处理: 2025-2026学年第二学期公共数学重修选课相关工作安排.pdf
[2026-04-10 21:36:59] [ERROR] ⚠️ 2025-2026学年第二学期公共数学重修选课相关工作安排.pdf GPU 模式失败: [WinError 2] 系统找不到指定的文件。
[2026-04-10 21:36:59] [ERROR] ⚠️ 2025-2026学年第二学期公共数学重修选课相关工作安排.pdf CPU 模式失败: [WinError 2] 系统找不到指定的文件。
[2026-04-10 21:36:59] [INFO] [2/3] 正在处理: 半球面上Laplace算子非零Neumann特征值的Ashbaugh-Benguria型等周不等式_聂昌雄.pdf
[2026-04-10 21:36:59] [ERROR] ⚠️ 半球面上Laplace算子非零Neumann特征值的Ashbaugh-Benguria型等周不等式_聂昌雄.pdf GPU 模式失败: [WinError 2] 系统找不到指定的文件。
[2026-04-10 21:36:59] [ERROR] ⚠️ 半球面上Laplace算子非零Neumann特征值的Ashbaugh-Benguria型等周不等式_聂昌雄.pdf CPU 模式失败: [WinError 2] 系统找不到指定的文件。
[2026-04-10 21:36:59] [INFO] [3/3] 正在处理: 基于Spring_Boot和Vue的地质信息智能抽取与可视化系统设计与实现_邱芹军.pdf
[2026-04-10 21:36:59] [ERROR] ⚠️ 基于Spring_Boot和Vue的地质信息智能抽取与可视化系统设计与实现_邱芹军.pdf GPU 模式失败: [WinError 2] 系统找不到指定的文件。
[2026-04-10 21:36:59] [ERROR] ⚠️ 基于Spring_Boot和Vue的地质信息智能抽取与可视化系统设计与实现_邱芹军.pdf CPU 模式失败: [WinError 2] 系统找不到指定的文件。
[2026-04-10 21:36:59] [INFO] 🎉 阶段一执行完毕
[2026-04-10 21:37:05] [INFO] 🚀 阶段一启动：MinerU 智能同步解析器...
[2026-04-10 21:37:05] [INFO] 🧹 正在检查孤儿 output 文件夹...
[2026-04-10 21:37:05] [INFO] 📊 待处理: 3 / 总计: 4
[2026-04-10 21:37:05] [INFO] [1/3] 正在处理: 2025-2026学年第二学期公共数学重修选课相关工作安排.pdf
[2026-04-10 21:37:05] [ERROR] ⚠️ 2025-2026学年第二学期公共数学重修选课相关工作安排.pdf GPU 模式失败: [WinError 2] 系统找不到指定的文件。
[2026-04-10 21:37:05] [ERROR] ⚠️ 2025-2026学年第二学期公共数学重修选课相关工作安排.pdf CPU 模式失败: [WinError 2] 系统找不到指定的文件。
[2026-04-10 21:37:05] [INFO] [2/3] 正在处理: 半球面上Laplace算子非零Neumann特征值的Ashbaugh-Benguria型等周不等式_聂昌雄.pdf
[2026-04-10 21:37:05] [ERROR] ⚠️ 半球面上Laplace算子非零Neumann特征值的Ashbaugh-Benguria型等周不等式_聂昌雄.pdf GPU 模式失败: [WinError 2] 系统找不到指定的文件。
[2026-04-10 21:37:05] [ERROR] ⚠️ 半球面上Laplace算子非零Neumann特征值的Ashbaugh-Benguria型等周不等式_聂昌雄.pdf CPU 模式失败: [WinError 2] 系统找不到指定的文件。
[2026-04-10 21:37:05] [INFO] [3/3] 正在处理: 基于Spring_Boot和Vue的地质信息智能抽取与可视化系统设计与实现_邱芹军.pdf
[2026-04-10 21:37:05] [ERROR] ⚠️ 基于Spring_Boot和Vue的地质信息智能抽取与可视化系统设计与实现_邱芹军.pdf GPU 模式失败: [WinError 2] 系统找不到指定的文件。
[2026-04-10 21:37:05] [ERROR] ⚠️ 基于Spring_Boot和Vue的地质信息智能抽取与可视化系统设计与实现_邱芹军.pdf CPU 模式失败: [WinError 2] 系统找不到指定的文件。
[2026-04-10 21:37:05] [INFO] 🎉 阶段一执行完毕
[2026-04-10 21:37:42] [INFO] 🚀 阶段一启动：MinerU 智能同步解析器...
[2026-04-10 21:37:42] [INFO] 🧹 正在检查孤儿 output 文件夹...
[2026-04-10 21:37:42] [INFO] 📊 待处理: 3 / 总计: 4
[2026-04-10 21:37:42] [INFO] [1/3] 正在处理: 2025-2026学年第二学期公共数学重修选课相关工作安排.pdf
[2026-04-10 21:37:42] [ERROR] ⚠️ 2025-2026学年第二学期公共数学重修选课相关工作安排.pdf GPU 模式失败: [WinError 2] 系统找不到指定的文件。
[2026-04-10 21:37:42] [ERROR] ⚠️ 2025-2026学年第二学期公共数学重修选课相关工作安排.pdf CPU 模式失败: [WinError 2] 系统找不到指定的文件。
[2026-04-10 21:37:42] [INFO] [2/3] 正在处理: 半球面上Laplace算子非零Neumann特征值的Ashbaugh-Benguria型等周不等式_聂昌雄.pdf
[2026-04-10 21:37:42] [ERROR] ⚠️ 半球面上Laplace算子非零Neumann特征值的Ashbaugh-Benguria型等周不等式_聂昌雄.pdf GPU 模式失败: [WinError 2] 系统找不到指定的文件。
[2026-04-10 21:37:42] [ERROR] ⚠️ 半球面上Laplace算子非零Neumann特征值的Ashbaugh-Benguria型等周不等式_聂昌雄.pdf CPU 模式失败: [WinError 2] 系统找不到指定的文件。
[2026-04-10 21:37:42] [INFO] [3/3] 正在处理: 基于Spring_Boot和Vue的地质信息智能抽取与可视化系统设计与实现_邱芹军.pdf
[2026-04-10 21:37:42] [ERROR] ⚠️ 基于Spring_Boot和Vue的地质信息智能抽取与可视化系统设计与实现_邱芹军.pdf GPU 模式失败: [WinError 2] 系统找不到指定的文件。
[2026-04-10 21:37:42] [ERROR] ⚠️ 基于Spring_Boot和Vue的地质信息智能抽取与可视化系统设计与实现_邱芹军.pdf CPU 模式失败: [WinError 2] 系统找不到指定的文件。
[2026-04-10 21:37:42] [INFO] 🎉 阶段一执行完毕
[2026-04-10 21:37:56] [INFO] 🚀 阶段一启动：MinerU 智能同步解析器...
[2026-04-10 21:37:56] [INFO] 🧹 正在检查孤儿 output 文件夹...
[2026-04-10 21:37:56] [INFO] 📊 待处理: 3 / 总计: 4
[2026-04-10 21:37:56] [INFO] [1/3] 正在处理: 2025-2026学年第二学期公共数学重修选课相关工作安排.pdf
[2026-04-10 21:38:52] [INFO] ✅ 2025-2026学年第二学期公共数学重修选课相关工作安排.pdf GPU 模式解析成功
[2026-04-10 21:38:52] [INFO] [2/3] 正在处理: 半球面上Laplace算子非零Neumann特征值的Ashbaugh-Benguria型等周不等式_聂昌雄.pdf
[2026-04-10 21:40:02] [INFO] ✅ 半球面上Laplace算子非零Neumann特征值的Ashbaugh-Benguria型等周不等式_聂昌雄.pdf GPU 模式解析成功
[2026-04-10 21:40:02] [INFO] [3/3] 正在处理: 基于Spring_Boot和Vue的地质信息智能抽取与可视化系统设计与实现_邱芹军.pdf
[2026-04-10 21:41:06] [INFO] ✅ 基于Spring_Boot和Vue的地质信息智能抽取与可视化系统设计与实现_邱芹军.pdf GPU 模式解析成功
[2026-04-10 21:41:06] [INFO] 🎉 阶段一执行完毕
[2026-04-15 15:06:34] [INFO] 🚀 阶段一启动：MinerU 智能同步解析器...
[2026-04-15 15:06:34] [INFO] 🧹 正在检查孤儿 output 文件夹...
[2026-04-15 15:06:35] [INFO] 📊 待处理: 1 / 总计: 5
[2026-04-15 15:06:35] [INFO] [1/1] 正在处理: 2602.17517v1NICP.pdf
[2026-04-15 15:06:35] [ERROR] ⚠️ 2602.17517v1NICP.pdf GPU 模式失败: [WinError 2] 系统找不到指定的文件。
[2026-04-15 15:06:35] [ERROR] ⚠️ 2602.17517v1NICP.pdf CPU 模式失败: [WinError 2] 系统找不到指定的文件。
[2026-04-15 15:06:35] [INFO] 🎉 阶段一执行完毕
[2026-04-15 15:06:40] [INFO] 🚀 阶段一启动：MinerU 智能同步解析器...
[2026-04-15 15:06:40] [INFO] 🧹 正在检查孤儿 output 文件夹...
[2026-04-15 15:06:40] [INFO] 📊 待处理: 1 / 总计: 5
[2026-04-15 15:06:40] [INFO] [1/1] 正在处理: 2602.17517v1NICP.pdf
[2026-04-15 15:08:37] [INFO] ✅ 2602.17517v1NICP.pdf GPU 模式解析成功
[2026-04-15 15:08:37] [INFO] 🎉 阶段一执行完毕
[2026-04-17 16:58:11] [INFO] 🚀 阶段一启动：MinerU 智能同步解析器...
[2026-04-17 16:58:11] [INFO] 🧹 正在检查孤儿 output 文件夹...
[2026-04-17 16:58:11] [INFO] 📊 待处理: 0 / 总计: 5
[2026-04-17 16:58:11] [INFO] 🎉 阶段一执行完毕
[2026-04-17 16:58:17] [INFO] 🚀 阶段一启动：MinerU 智能同步解析器...
[2026-04-17 16:58:17] [INFO] 🧹 正在检查孤儿 output 文件夹...
[2026-04-17 16:58:17] [INFO] 📊 待处理: 0 / 总计: 5
[2026-04-17 16:58:17] [INFO] 🎉 阶段一执行完毕
[2026-04-17 20:11:27] [INFO] 🚀 阶段一启动：MinerU 智能同步解析器...
[2026-04-17 20:11:27] [INFO] 🧹 正在检查孤儿 output 文件夹...
[2026-04-17 20:11:27] [WARNING] 🗑️ 检测到 PDF 已移除，清理孤儿文件夹: 半球面上Laplace算子非零Neumann特征值的Ashbaugh-Benguria型等周不等式_聂昌雄
[2026-04-17 20:11:27] [INFO] ✅ 已清理 1 个不再需要的解析目录
[2026-04-17 20:11:27] [INFO] 📊 待处理: 4 / 总计: 8
[2026-04-17 20:11:27] [INFO] [1/4] 正在处理: 一年级上册语文一二单元中等.pdf
[2026-04-17 20:11:27] [ERROR] ⚠️ 一年级上册语文一二单元中等.pdf GPU 模式失败: [WinError 2] 系统找不到指定的文件。
[2026-04-17 20:11:27] [ERROR] ⚠️ 一年级上册语文一二单元中等.pdf CPU 模式失败: [WinError 2] 系统找不到指定的文件。
[2026-04-17 20:11:27] [INFO] [2/4] 正在处理: 回声贩卖者.pdf
[2026-04-17 20:11:27] [ERROR] ⚠️ 回声贩卖者.pdf GPU 模式失败: [WinError 2] 系统找不到指定的文件。
[2026-04-17 20:11:27] [ERROR] ⚠️ 回声贩卖者.pdf CPU 模式失败: [WinError 2] 系统找不到指定的文件。
[2026-04-17 20:11:27] [INFO] [3/4] 正在处理: 大英课程修读选课通知.pdf
[2026-04-17 20:11:27] [ERROR] ⚠️ 大英课程修读选课通知.pdf GPU 模式失败: [WinError 2] 系统找不到指定的文件。
[2026-04-17 20:11:27] [ERROR] ⚠️ 大英课程修读选课通知.pdf CPU 模式失败: [WinError 2] 系统找不到指定的文件。
[2026-04-17 20:11:27] [INFO] [4/4] 正在处理: 被折叠的语言.pdf
[2026-04-17 20:11:27] [ERROR] ⚠️ 被折叠的语言.pdf GPU 模式失败: [WinError 2] 系统找不到指定的文件。
[2026-04-17 20:11:27] [ERROR] ⚠️ 被折叠的语言.pdf CPU 模式失败: [WinError 2] 系统找不到指定的文件。
[2026-04-17 20:11:27] [INFO] 🎉 阶段一执行完毕
[2026-04-17 20:11:54] [INFO] 🚀 阶段一启动：MinerU 智能同步解析器...
[2026-04-17 20:11:54] [INFO] 🧹 正在检查孤儿 output 文件夹...
[2026-04-17 20:11:54] [INFO] 📊 待处理: 4 / 总计: 8
[2026-04-17 20:11:54] [INFO] [1/4] 正在处理: 一年级上册语文一二单元中等.pdf
[2026-04-17 20:11:54] [ERROR] ⚠️ 一年级上册语文一二单元中等.pdf GPU 模式失败: [WinError 2] 系统找不到指定的文件。
[2026-04-17 20:11:54] [ERROR] ⚠️ 一年级上册语文一二单元中等.pdf CPU 模式失败: [WinError 2] 系统找不到指定的文件。
[2026-04-17 20:11:54] [INFO] [2/4] 正在处理: 回声贩卖者.pdf
[2026-04-17 20:11:54] [ERROR] ⚠️ 回声贩卖者.pdf GPU 模式失败: [WinError 2] 系统找不到指定的文件。
[2026-04-17 20:11:54] [ERROR] ⚠️ 回声贩卖者.pdf CPU 模式失败: [WinError 2] 系统找不到指定的文件。
[2026-04-17 20:11:54] [INFO] [3/4] 正在处理: 大英课程修读选课通知.pdf
[2026-04-17 20:11:54] [ERROR] ⚠️ 大英课程修读选课通知.pdf GPU 模式失败: [WinError 2] 系统找不到指定的文件。
[2026-04-17 20:11:54] [ERROR] ⚠️ 大英课程修读选课通知.pdf CPU 模式失败: [WinError 2] 系统找不到指定的文件。
[2026-04-17 20:11:54] [INFO] [4/4] 正在处理: 被折叠的语言.pdf
[2026-04-17 20:11:54] [ERROR] ⚠️ 被折叠的语言.pdf GPU 模式失败: [WinError 2] 系统找不到指定的文件。
[2026-04-17 20:11:54] [ERROR] ⚠️ 被折叠的语言.pdf CPU 模式失败: [WinError 2] 系统找不到指定的文件。
[2026-04-17 20:11:54] [INFO] 🎉 阶段一执行完毕
[2026-04-17 20:12:14] [INFO] 🚀 阶段一启动：MinerU 智能同步解析器...
[2026-04-17 20:12:14] [INFO] 🧹 正在检查孤儿 output 文件夹...
[2026-04-17 20:12:14] [INFO] 📊 待处理: 4 / 总计: 8
[2026-04-17 20:12:14] [INFO] [1/4] 正在处理: 一年级上册语文一二单元中等.pdf
[2026-04-17 20:16:05] [INFO] ✅ 一年级上册语文一二单元中等.pdf GPU 模式解析成功
[2026-04-17 20:16:05] [INFO] [2/4] 正在处理: 回声贩卖者.pdf
[2026-04-17 20:18:13] [INFO] ✅ 回声贩卖者.pdf GPU 模式解析成功
[2026-04-17 20:18:13] [INFO] [3/4] 正在处理: 大英课程修读选课通知.pdf
[2026-04-17 20:19:29] [INFO] ✅ 大英课程修读选课通知.pdf GPU 模式解析成功
[2026-04-17 20:19:29] [INFO] [4/4] 正在处理: 被折叠的语言.pdf
[2026-04-17 20:20:30] [INFO] ✅ 被折叠的语言.pdf GPU 模式解析成功
[2026-04-17 20:20:30] [INFO] 🎉 阶段一执行完毕
[2026-04-27 00:45:53] [INFO] 🚀 阶段一启动：MinerU 智能同步解析器...
[2026-04-27 00:45:53] [INFO] 🧹 正在检查孤儿 output 文件夹...
[2026-04-27 00:45:53] [INFO] 📊 待处理: 1 / 总计: 9
[2026-04-27 00:45:53] [INFO] [1/1] 正在处理: GenAL(1).pdf
[2026-04-27 00:45:53] [ERROR] ⚠️ GenAL(1).pdf GPU 模式失败: [WinError 2] 系统找不到指定的文件。
[2026-04-27 00:45:53] [ERROR] ⚠️ GenAL(1).pdf CPU 模式失败: [WinError 2] 系统找不到指定的文件。
[2026-04-27 00:45:53] [INFO] 🎉 阶段一执行完毕
[2026-04-27 00:46:33] [INFO] 🚀 阶段一启动：MinerU 智能同步解析器...
[2026-04-27 00:46:33] [INFO] 🧹 正在检查孤儿 output 文件夹...
[2026-04-27 00:46:33] [INFO] 📊 待处理: 1 / 总计: 9
[2026-04-27 00:46:33] [INFO] [1/1] 正在处理: GenAL(1).pdf
[2026-04-27 00:49:35] [INFO] ✅ GenAL(1).pdf GPU 模式解析成功
[2026-04-27 00:49:35] [INFO] 🎉 阶段一执行完毕
