[2026-04-10 19:08:21] [INFO] 🧮 初始化 BGE-M3 向量引擎...
[2026-04-10 19:09:17] [INFO] 🧮 初始化 BGE-M3 向量引擎...
[2026-04-10 19:12:20] [INFO] 🚀 阶段二启动：向量库同步...
[2026-04-10 19:12:20] [INFO] ♻️  更新内容: 2602.17517v1NICP\hybrid_auto\2602.17517v1NICP.md
[2026-04-10 19:12:24] [INFO]    ✅ 已同步 56 个切片
[2026-04-10 19:12:24] [INFO] ♻️  更新内容: 大英课程修读选课通知\hybrid_auto\大英课程修读选课通知.md
[2026-04-10 19:12:25] [INFO]    ✅ 已同步 17 个切片
[2026-04-10 19:12:25] [INFO] 🎉 阶段二执行完毕
[2026-04-10 19:18:02] [INFO] 🧮 初始化 BGE-M3 向量引擎...
[2026-04-10 19:18:15] [INFO] 🚀 阶段二启动：向量库同步...
[2026-04-10 19:18:15] [INFO] ♻️  更新内容: 20251224首都师范大学海淀校区关于开展电动自行车锂电池免费健康评估的通知\hybrid_auto\20251224首都师范大学海淀校区关于开展电动自行车锂电池免费健康评估的通知.md
[2026-04-10 19:18:16] [INFO]    ✅ 已同步 6 个切片
[2026-04-10 19:18:16] [WARNING] 🔥 文件已删除，正在清理数据库向量: 大英课程修读选课通知\hybrid_auto\大英课程修读选课通知.md
[2026-04-10 19:18:16] [INFO] 🎉 阶段二执行完毕
[2026-04-10 21:41:26] [INFO] 🧮 初始化 BGE-M3 向量引擎...
[2026-04-10 21:42:38] [INFO] 🚀 阶段二启动：向量库同步...
[2026-04-10 21:42:38] [INFO] ♻️  更新内容: 2025-2026学年第二学期公共数学重修选课相关工作安排\hybrid_auto\2025-2026学年第二学期公共数学重修选课相关工作安排.md
[2026-04-10 21:42:38] [INFO]    ✅ 已同步 4 个切片
[2026-04-10 21:42:38] [INFO] ♻️  更新内容: 半球面上Laplace算子非零Neumann特征值的Ashbaugh-Benguria型等周不等式_聂昌雄\hybrid_auto\半球面上Laplace算子非零Neumann特征值的Ashbaugh-Benguria型等周不等式_聂昌雄.md
[2026-04-10 21:42:40] [INFO]    ✅ 已同步 24 个切片
[2026-04-10 21:42:40] [INFO] ♻️  更新内容: 基于Spring_Boot和Vue的地质信息智能抽取与可视化系统设计与实现_邱芹军\hybrid_auto\基于Spring_Boot和Vue的地质信息智能抽取与可视化系统设计与实现_邱芹军.md
[2026-04-10 21:42:43] [INFO]    ✅ 已同步 42 个切片
[2026-04-10 21:42:43] [WARNING] 🔥 文件已删除，正在清理数据库向量: 2602.17517v1NICP\hybrid_auto\2602.17517v1NICP.md
[2026-04-10 21:42:43] [INFO] 🎉 阶段二执行完毕
[2026-04-17 16:58:55] [INFO] 🧮 初始化 BGE-M3 向量引擎...
[2026-04-17 17:00:42] [INFO] 🚀 阶段二启动：向量库同步...
[2026-04-17 17:00:42] [INFO] ♻️  更新内容: 2602.17517v1NICP\hybrid_auto\2602.17517v1NICP.md
[2026-04-17 17:00:46] [INFO]    ✅ 已同步 56 个切片
[2026-04-17 17:00:46] [INFO] 🎉 阶段二执行完毕
[2026-04-17 20:35:18] [INFO] 🧮 初始化 BGE-M3 向量引擎...
[2026-04-17 20:35:42] [INFO] 🚀 阶段二启动：向量库同步...
[2026-04-17 20:35:43] [INFO] ♻️  更新内容: 一年级上册语文一二单元中等\hybrid_auto\一年级上册语文一二单元中等.md
[2026-04-17 20:35:44] [INFO]    ✅ 已同步 11 个切片
[2026-04-17 20:35:44] [INFO] ♻️  更新内容: 回声贩卖者\hybrid_auto\回声贩卖者.md
[2026-04-17 20:35:44] [INFO]    ✅ 已同步 1 个切片
[2026-04-17 20:35:44] [INFO] ♻️  更新内容: 大英课程修读选课通知\hybrid_auto\大英课程修读选课通知.md
[2026-04-17 20:35:45] [INFO]    ✅ 已同步 17 个切片
[2026-04-17 20:35:45] [INFO] ♻️  更新内容: 被折叠的语言\hybrid_auto\被折叠的语言.md
[2026-04-17 20:35:45] [INFO]    ✅ 已同步 1 个切片
[2026-04-17 20:35:45] [WARNING] 🔥 文件已删除，正在清理数据库向量: 半球面上Laplace算子非零Neumann特征值的Ashbaugh-Benguria型等周不等式_聂昌雄\hybrid_auto\半球面上Laplace算子非零Neumann特征值的Ashbaugh-Benguria型等周不等式_聂昌雄.md
[2026-04-17 20:35:45] [INFO] 🎉 阶段二执行完毕
